<?xml version="1.0" encoding="UTF-8"?>
<!-- Generated by org.testng.reporters.JUnitXMLReporter -->
<testsuite hostname="DESKTOP-C3MH26S" name="FREE CRM" tests="2" failures="0" timestamp="11 Oct 2020 11:09:58 GMT" time="11.518" errors="0">
  <testcase name="tearDown" time="0.761" classname="TestClassPacakge.HomePageTest"/>
  <testcase name="validatecreateContact" time="0.0" classname="TestClassPacakge.HomePageTest">
    <skipped/>
  </testcase> <!-- validatecreateContact -->
</testsuite> <!-- FREE CRM -->
